Loading MNIST data from files...
Load images from ./mnist_data/train-images-idx3-ubyte, number: 60000, data shape: (60000, 784)
Load images from ./mnist_data/train-labels-idx1-ubyte, number: 60000, data shape: (60000, 1)
Load images from ./mnist_data/t10k-images-idx3-ubyte, number: 10000, data shape: (10000, 784)
Load images from ./mnist_data/t10k-labels-idx1-ubyte, number: 10000, data shape: (10000, 1)
Building multi-layer perception model...
	Fully connected layer with input 784, output 32.
	 Relu layer
	Fully connected layer with input 32, output 16.
	 Relu layer
	Fully connected layer with input 16, output 10.
	Softmax loss layer.
Initializing parameters of each layer in MLP...
fc weight (784, 32) mean 0.000123, std 0.009989
fc bias (1, 32) mean 0.000000, std 0.000000
fc weight (32, 16) mean 0.000303, std 0.010836
fc bias (1, 16) mean 0.000000, std 0.000000
fc weight (16, 10) mean -0.000392, std 0.010093
fc bias (1, 10) mean 0.000000, std 0.000000
Start training...
Randomly shuffle MNIST data...
Epoch 0, iter 0, loss: 2.306844
Epoch 0, iter 100, loss: 0.672487
Epoch 0, iter 200, loss: 0.419958
Epoch 0, iter 300, loss: 0.308707
Epoch 0, iter 400, loss: 0.238233
Epoch 0, iter 500, loss: 0.186258
Randomly shuffle MNIST data...
Epoch 1, iter 0, loss: 0.296271
Epoch 1, iter 100, loss: 0.355898
Epoch 1, iter 200, loss: 0.219717
Epoch 1, iter 300, loss: 0.179315
Epoch 1, iter 400, loss: 0.214401
Epoch 1, iter 500, loss: 0.084900
Randomly shuffle MNIST data...
Epoch 2, iter 0, loss: 0.180474
Epoch 2, iter 100, loss: 0.145089
Epoch 2, iter 200, loss: 0.119597
Epoch 2, iter 300, loss: 0.186711
Epoch 2, iter 400, loss: 0.099046
Epoch 2, iter 500, loss: 0.131759
Randomly shuffle MNIST data...
Epoch 3, iter 0, loss: 0.147578
Epoch 3, iter 100, loss: 0.107850
Epoch 3, iter 200, loss: 0.097851
Epoch 3, iter 300, loss: 0.199879
Epoch 3, iter 400, loss: 0.138953
Epoch 3, iter 500, loss: 0.096684
Randomly shuffle MNIST data...
Epoch 4, iter 0, loss: 0.170093
Epoch 4, iter 100, loss: 0.024820
Epoch 4, iter 200, loss: 0.112675
Epoch 4, iter 300, loss: 0.043583
Epoch 4, iter 400, loss: 0.127981
Epoch 4, iter 500, loss: 0.199710
Randomly shuffle MNIST data...
Epoch 5, iter 0, loss: 0.065962
Epoch 5, iter 100, loss: 0.134137
Epoch 5, iter 200, loss: 0.093521
Epoch 5, iter 300, loss: 0.194741
Epoch 5, iter 400, loss: 0.046554
Epoch 5, iter 500, loss: 0.092444
Randomly shuffle MNIST data...
Epoch 6, iter 0, loss: 0.049430
Epoch 6, iter 100, loss: 0.166821
Epoch 6, iter 200, loss: 0.068872
Epoch 6, iter 300, loss: 0.051662
Epoch 6, iter 400, loss: 0.115943
Epoch 6, iter 500, loss: 0.057144
Randomly shuffle MNIST data...
Epoch 7, iter 0, loss: 0.069118
Epoch 7, iter 100, loss: 0.137095
Epoch 7, iter 200, loss: 0.029460
Epoch 7, iter 300, loss: 0.112999
Epoch 7, iter 400, loss: 0.178742
Epoch 7, iter 500, loss: 0.097908
Randomly shuffle MNIST data...
Epoch 8, iter 0, loss: 0.122839
Epoch 8, iter 100, loss: 0.117363
Epoch 8, iter 200, loss: 0.050827
Epoch 8, iter 300, loss: 0.024017
Epoch 8, iter 400, loss: 0.009292
Epoch 8, iter 500, loss: 0.115246
Randomly shuffle MNIST data...
Epoch 9, iter 0, loss: 0.066693
Epoch 9, iter 100, loss: 0.090299
Epoch 9, iter 200, loss: 0.104472
Epoch 9, iter 300, loss: 0.152655
Epoch 9, iter 400, loss: 0.044823
Epoch 9, iter 500, loss: 0.127509
Saving parameters to file mlp-32-16-10epoch.npz
fc weight (784, 32) mean -0.001125, std 0.019655
fc bias (1, 32) mean 0.000051, std 0.000231
fc weight (32, 16) mean 0.004254, std 0.061196
fc bias (1, 16) mean 0.000652, std 0.002936
fc weight (16, 10) mean -0.000392, std 0.084749
fc bias (1, 10) mean -0.000000, std 0.016474
{'w1': array([[-0.01125393, -0.00640871,  0.00662398, ..., -0.00280263,
         0.01476538,  0.01434579],
       [ 0.00370159, -0.00515732,  0.0001467 , ..., -0.01271059,
        -0.00800541, -0.01269178],
       [ 0.00581681, -0.0044142 ,  0.00160534, ...,  0.00253114,
         0.01806568, -0.00187472],
       ...,
       [ 0.02067938, -0.00328269, -0.00192657, ...,  0.00556046,
         0.01247569,  0.02322865],
       [-0.00562057, -0.02143687,  0.0112509 , ...,  0.00434383,
         0.00331231, -0.00028486],
       [ 0.00616324,  0.00498065,  0.00610577, ...,  0.02366043,
        -0.00618607, -0.00152128]], shape=(784, 32)), 'b1': array([[-4.61609192e-05,  9.98464670e-06,  2.18849164e-04,
        -2.63490345e-04, -5.91184809e-06,  1.91549575e-04,
         3.75604268e-05,  2.08593677e-04, -9.68769699e-05,
        -1.88549360e-04,  1.49999040e-04, -2.09427223e-04,
         1.46573566e-04,  1.06523658e-05,  4.00074851e-04,
         9.28414210e-05, -2.74133469e-04,  1.53259427e-04,
        -1.32745203e-04,  1.34204044e-04,  3.31748654e-04,
         3.77459929e-04,  4.28894630e-04,  2.79126805e-04,
        -7.16810110e-04, -1.07998530e-04,  1.36742049e-04,
         2.22025033e-04,  1.99314054e-04, -2.70249319e-05,
        -4.53203571e-05,  2.14996038e-05]]), 'w2': array([[-0.07798077, -0.07277398, -0.0308574 , -0.12808432, -0.01944076,
         0.07035752, -0.03440907, -0.08218348, -0.0581741 ,  0.03775268,
        -0.02087299,  0.12766393,  0.07972192, -0.01768313, -0.01197023,
         0.00806271],
       [-0.0398639 ,  0.08428119, -0.0079838 ,  0.12670213, -0.14478048,
         0.04352713, -0.05367506,  0.06191387,  0.04478882,  0.01823864,
        -0.00963491, -0.0495946 , -0.0680959 , -0.02541497,  0.1166599 ,
        -0.08227535],
       [-0.0640471 ,  0.09867197, -0.00796497,  0.12458851,  0.02634271,
         0.05905505, -0.04351013, -0.00598974, -0.05136053,  0.02734289,
         0.10646065, -0.06262631,  0.04236275,  0.00094599,  0.01264389,
        -0.05591957],
       [ 0.03241257, -0.01141485, -0.00120065,  0.10577059,  0.00114838,
         0.04977082, -0.02445152, -0.04162369,  0.08750984, -0.04229436,
         0.03654112,  0.01591308,  0.054634  ,  0.11808817,  0.00878805,
        -0.08937832],
       [-0.03914721,  0.04565481, -0.00503645, -0.04237171,  0.00238814,
         0.07060531,  0.01818857, -0.13673812,  0.05897142, -0.00803191,
        -0.02294436,  0.07180521,  0.01740635,  0.00519156,  0.00799266,
         0.03472161],
       [ 0.01486701,  0.08714844,  0.0386014 ,  0.04971039,  0.00727464,
         0.02165501, -0.01182755, -0.09257919, -0.04512817,  0.02216566,
         0.03076344, -0.07970163, -0.00305639,  0.12628976,  0.02029648,
        -0.07678587],
       [ 0.07784621,  0.06477478, -0.00106837, -0.08826868,  0.06187384,
        -0.08184267, -0.00968646,  0.04319022, -0.11415394,  0.00117474,
        -0.01443588,  0.10180756,  0.03362088,  0.03326194, -0.04044392,
         0.01609196],
       [ 0.01443556,  0.04207401,  0.02779671,  0.0220947 , -0.09406362,
        -0.03642737, -0.0062927 ,  0.04790169, -0.08760715,  0.00718826,
         0.13025511,  0.11388973,  0.06275261, -0.01655392,  0.07313514,
         0.08809721],
       [ 0.03557017, -0.00238682, -0.01214377, -0.02155393,  0.00242177,
         0.09855364, -0.03298069, -0.11443498,  0.06422766,  0.0249299 ,
        -0.0663247 ,  0.02201228,  0.04347887,  0.03213364, -0.00447931,
         0.08899834],
       [-0.07869032,  0.04963038, -0.04904676,  0.01884936, -0.02040434,
         0.02441516, -0.0488697 ,  0.10275143, -0.0500423 ,  0.0379241 ,
        -0.04047876,  0.04475887,  0.08625776, -0.04051437, -0.01402018,
         0.08298046],
       [ 0.04526713, -0.04568769,  0.02350528,  0.02999218, -0.03955382,
        -0.01084694,  0.03964817, -0.07806489,  0.13242427, -0.02822941,
        -0.00147247,  0.00770758, -0.01125715,  0.11813568,  0.03929449,
        -0.06223261],
       [-0.07252911,  0.07185631, -0.01999396, -0.05153846,  0.05891286,
        -0.03161591, -0.074132  ,  0.04095901, -0.06053403,  0.04576359,
        -0.01251754,  0.0550691 ,  0.010775  , -0.11106807, -0.14956082,
         0.02756412],
       [ 0.014107  ,  0.02456013, -0.00820856, -0.01581058, -0.02366593,
        -0.13844906,  0.01190253,  0.19540667,  0.06342443, -0.08367448,
        -0.0213789 ,  0.02676964, -0.15477372,  0.03552653,  0.03779899,
         0.02493337],
       [ 0.01411039, -0.10961923, -0.0167244 ,  0.02676732,  0.05397995,
        -0.03907524,  0.02061697, -0.02538468,  0.08265697, -0.04240052,
         0.02889162, -0.07081905,  0.03383329, -0.00391567, -0.00237379,
         0.05136451],
       [ 0.08027898,  0.05786641, -0.0623765 , -0.00806992, -0.03444426,
         0.05662336,  0.08555774, -0.01431483,  0.04980215,  0.05826743,
        -0.02548542, -0.02697444, -0.11631942,  0.06125699,  0.00780521,
         0.09146738],
       [ 0.05493307,  0.00144847,  0.05918597, -0.0593481 , -0.02405974,
        -0.08339982, -0.00342356,  0.13371372,  0.01912576,  0.0525788 ,
        -0.00606938, -0.02083816, -0.04371395, -0.02921956,  0.00215234,
        -0.00391952],
       [-0.09365625,  0.12843004, -0.02648944,  0.02322747,  0.06814568,
         0.06096805, -0.10715511, -0.01032921, -0.06056951, -0.01361411,
        -0.01916756, -0.00967392,  0.00458018, -0.11126529, -0.01817283,
         0.04771601],
       [ 0.01181343, -0.08963504,  0.05504415,  0.03016291, -0.08868793,
        -0.13441279,  0.00288681,  0.09384411,  0.12320413,  0.01989366,
         0.05388488,  0.01300959,  0.01532907, -0.03938312,  0.09731564,
        -0.03665257],
       [ 0.0210294 , -0.13347255,  0.0475008 , -0.00461746,  0.08377559,
        -0.01503417,  0.03236683, -0.04163348, -0.01275079, -0.01412572,
        -0.05997747,  0.01058947, -0.02420516, -0.01235798, -0.09107046,
        -0.04023531],
       [-0.00959577,  0.0105493 , -0.02902443,  0.00945698, -0.12749481,
        -0.01628549, -0.01694585,  0.0063724 , -0.05004783,  0.01635112,
         0.08785169, -0.00701014,  0.14349335,  0.01171943, -0.02608305,
         0.04865207],
       [ 0.07567271,  0.09020214,  0.0176146 , -0.02463124, -0.11030183,
        -0.02666836,  0.02762771, -0.00823866,  0.11323098,  0.00405878,
         0.00214347, -0.06015571, -0.1033953 , -0.03419532,  0.05694564,
         0.01894889],
       [-0.02816497, -0.08958551, -0.02723924, -0.05221276,  0.04200767,
         0.09894746, -0.05681975, -0.0877121 ,  0.06440404,  0.06373816,
        -0.03813197,  0.06810835, -0.04361788, -0.01786263,  0.04144645,
        -0.07786243],
       [ 0.08841108, -0.10389648,  0.01593525,  0.03378661,  0.02004028,
         0.0493983 ,  0.00736502, -0.06661109, -0.03706788,  0.05473072,
        -0.01249058,  0.06400081,  0.05289253,  0.10638309,  0.02095559,
        -0.07779448],
       [ 0.00395884, -0.00314127,  0.01891364,  0.05937221, -0.07646783,
         0.03318432,  0.04378695,  0.04643425, -0.0493529 , -0.02785764,
         0.0313141 ,  0.01266924,  0.09394735, -0.0012048 ,  0.04963199,
        -0.19686755],
       [-0.01721567,  0.06574985, -0.01568454, -0.03805713,  0.04007201,
         0.03199586, -0.04357473,  0.06187278, -0.08701578,  0.04373248,
        -0.11931332,  0.16467772,  0.02037439, -0.09318132,  0.01499463,
         0.05667735],
       [-0.05719239, -0.11441434,  0.00043917, -0.08545928,  0.02662351,
         0.04476277, -0.00695257, -0.04050716,  0.11843172,  0.02107493,
        -0.04027095,  0.11431822,  0.01151815,  0.01840424,  0.01039703,
         0.01908966],
       [-0.01639301,  0.00498937, -0.01668638,  0.10840123,  0.02134137,
        -0.01681133,  0.01919297,  0.03067878,  0.07793679, -0.04011339,
         0.09358737, -0.15894026,  0.03900322,  0.04323591,  0.0333205 ,
         0.03069435],
       [ 0.08032754,  0.08789117, -0.00938019, -0.02551878,  0.0037807 ,
        -0.05601583,  0.02812886,  0.20604443,  0.03041261,  0.04757193,
         0.00437401,  0.01132525, -0.07336509, -0.01553592, -0.03753205,
        -0.0359465 ],
       [-0.08254669,  0.04797834,  0.06202045,  0.06294815, -0.06160017,
         0.0819348 , -0.04336212,  0.06922713, -0.02352455, -0.03176766,
        -0.05574543,  0.07558881,  0.00844125,  0.12546638,  0.09070506,
         0.01983937],
       [ 0.01594665, -0.04406793, -0.00815888,  0.04858827,  0.11866547,
        -0.07827406,  0.00336952,  0.07817327, -0.07880201,  0.03119823,
         0.03893242,  0.01404587,  0.04663457, -0.05770575, -0.02343423,
        -0.05913471],
       [ 0.04140601, -0.09763498,  0.01349929, -0.03235138, -0.12497364,
        -0.06574345, -0.02279638,  0.07381021,  0.0693211 , -0.03496821,
        -0.0083651 , -0.0529099 ,  0.03476721, -0.00159999, -0.01345216,
         0.10932851],
       [ 0.03235669, -0.1385437 , -0.03015994, -0.00113187,  0.03437859,
        -0.02510743, -0.03844637,  0.07115216,  0.00742906, -0.01460358,
        -0.046638  ,  0.04723463, -0.06051066,  0.03868567, -0.02410393,
         0.07778411]]), 'b2': array([[ 1.02433882e-03,  6.41145541e-03,  1.81086810e-04,
        -3.47550371e-03,  5.59648461e-04,  6.16268468e-04,
         8.66530344e-04, -3.14808254e-03,  3.00733040e-03,
        -7.70638767e-04, -7.94429714e-04, -1.68513950e-03,
        -1.90676338e-03,  1.82965417e-03,  4.17155481e-05,
         7.68234300e-03]]), 'w3': array([[ 0.02192185, -0.01343968,  0.10192491,  0.04610523,  0.11090886,
         0.013264  , -0.07077818, -0.00435638, -0.13591087, -0.04242873],
       [-0.01088776, -0.05148059, -0.08455983,  0.11486846, -0.08934449,
         0.13320819,  0.00398776, -0.17778072,  0.16509715, -0.04925071],
       [-0.00940938,  0.00982062, -0.03655383,  0.08493557,  0.01320401,
         0.06793045,  0.00085118, -0.08563295,  0.00209409, -0.04184663],
       [ 0.11617913, -0.02636265, -0.12265881, -0.12780768, -0.04310743,
         0.01440009,  0.10739104,  0.07567498, -0.04716793,  0.02253441],
       [ 0.12262812, -0.07082414,  0.10711477, -0.02103614,  0.05734812,
        -0.09713582, -0.07736569, -0.05945751, -0.01761717,  0.06260966],
       [ 0.01759264, -0.06941166,  0.12646847, -0.01655488, -0.07573148,
        -0.04103302,  0.14162928, -0.09397336,  0.07168051, -0.05874043],
       [ 0.00913585, -0.02115081,  0.04945643,  0.060754  ,  0.05765873,
        -0.00388942, -0.10061973, -0.01202408,  0.02973899, -0.07806262],
       [-0.11717236, -0.06798396, -0.0239052 ,  0.12785719, -0.00253973,
         0.11795329, -0.16906289,  0.03033457, -0.10538129,  0.17460881],
       [-0.09488953,  0.14083474, -0.12134945, -0.15052178,  0.16483336,
        -0.0179151 ,  0.03814831, -0.06066697,  0.00316382,  0.09347035],
       [-0.04307422, -0.08914625,  0.04883574, -0.01725087, -0.05429173,
         0.09659768, -0.01887917,  0.05259675, -0.00811718,  0.00404462],
       [ 0.05896654, -0.01749722,  0.02195895, -0.10236199, -0.03871149,
         0.05875354, -0.04866726,  0.1304934 , -0.0863337 , -0.01728216],
       [-0.12876733,  0.19908286,  0.11783493,  0.10553726, -0.06390635,
        -0.05164179, -0.04552735,  0.08713793, -0.01441816, -0.19387308],
       [ 0.11509341,  0.04150972,  0.0738015 ,  0.02039708, -0.07697275,
        -0.02274861, -0.08902914,  0.12579219, -0.06579607, -0.07572494],
       [ 0.02581912, -0.1870184 ,  0.02342079, -0.00340972,  0.06030096,
         0.03349089,  0.13645573,  0.03143474,  0.04035107, -0.14366778],
       [-0.02892379,  0.07084162, -0.07920336, -0.07025648, -0.06842081,
         0.136556  ,  0.05984479, -0.0542934 ,  0.07141345,  0.00184088],
       [-0.06808211, -0.01204006,  0.00292404, -0.0007076 ,  0.01384795,
        -0.15301281, -0.18614551,  0.11654797,  0.14200876,  0.12238501]]), 'b3': array([[-0.0231179 ,  0.01143143, -0.01398592, -0.00993869,  0.01271285,
        -0.00344111, -0.01598869,  0.0048309 ,  0.036053  ,  0.00144412]])}
Loading parameters from file mlp-32-16-10epoch.npz
fc weight (784, 32) mean -0.001125, std 0.019655
fc bias (1, 32) mean 0.000051, std 0.000231
fc weight (32, 16) mean 0.004254, std 0.061196
fc bias (1, 16) mean 0.000652, std 0.002936
fc weight (16, 10) mean -0.000392, std 0.084749
fc bias (1, 10) mean -0.000000, std 0.016474
Accuracy in test set: 0.967400
