Loading MNIST data from files...
Load images from ./mnist_data/train-images-idx3-ubyte, number: 60000, data shape: (60000, 784)
Load images from ./mnist_data/train-labels-idx1-ubyte, number: 60000, data shape: (60000, 1)
Load images from ./mnist_data/t10k-images-idx3-ubyte, number: 10000, data shape: (10000, 784)
Load images from ./mnist_data/t10k-labels-idx1-ubyte, number: 10000, data shape: (10000, 1)
Building multi-layer perception model...
	Fully connected layer with input 784, output 256.
	 Relu layer
	Fully connected layer with input 256, output 128.
	 Relu layer
	Fully connected layer with input 128, output 64.
	 Relu layer
	Fully connected layer with input 64, output 10.
	Softmax loss layer.
Initializing parameters of each layer in MLP...
fc weight (784, 256) mean 0.000031, std 0.010019
fc bias (1, 256) mean 0.000000, std 0.000000
fc weight (256, 128) mean -0.000069, std 0.010047
fc bias (1, 128) mean 0.000000, std 0.000000
fc weight (128, 64) mean 0.000141, std 0.009910
fc bias (1, 64) mean 0.000000, std 0.000000
fc weight (64, 10) mean 0.000250, std 0.010253
fc bias (1, 10) mean 0.000000, std 0.000000
Start training...
Randomly shuffle MNIST data...
Epoch 0, iter 0, loss: 2.300695
Epoch 0, iter 100, loss: 1.367482
Epoch 0, iter 200, loss: 0.451156
Epoch 0, iter 300, loss: 0.263466
Epoch 0, iter 400, loss: 0.396646
Epoch 0, iter 500, loss: 0.248208
Randomly shuffle MNIST data...
Epoch 1, iter 0, loss: 0.241034
Epoch 1, iter 100, loss: 0.141383
Epoch 1, iter 200, loss: 0.250249
Epoch 1, iter 300, loss: 0.190880
Epoch 1, iter 400, loss: 0.310536
Epoch 1, iter 500, loss: 0.126427
Randomly shuffle MNIST data...
Epoch 2, iter 0, loss: 0.099697
Epoch 2, iter 100, loss: 0.175720
Epoch 2, iter 200, loss: 0.051926
Epoch 2, iter 300, loss: 0.149793
Epoch 2, iter 400, loss: 0.115107
Epoch 2, iter 500, loss: 0.022473
Randomly shuffle MNIST data...
Epoch 3, iter 0, loss: 0.061389
Epoch 3, iter 100, loss: 0.067180
Epoch 3, iter 200, loss: 0.083110
Epoch 3, iter 300, loss: 0.137036
Epoch 3, iter 400, loss: 0.032533
Epoch 3, iter 500, loss: 0.046744
Randomly shuffle MNIST data...
Epoch 4, iter 0, loss: 0.057602
Epoch 4, iter 100, loss: 0.036184
Epoch 4, iter 200, loss: 0.100955
Epoch 4, iter 300, loss: 0.075760
Epoch 4, iter 400, loss: 0.018117
Epoch 4, iter 500, loss: 0.068472
Randomly shuffle MNIST data...
Epoch 5, iter 0, loss: 0.114766
Epoch 5, iter 100, loss: 0.070263
Epoch 5, iter 200, loss: 0.020119
Epoch 5, iter 300, loss: 0.021088
Epoch 5, iter 400, loss: 0.038159
Epoch 5, iter 500, loss: 0.072466
Randomly shuffle MNIST data...
Epoch 6, iter 0, loss: 0.007815
Epoch 6, iter 100, loss: 0.011592
Epoch 6, iter 200, loss: 0.024839
Epoch 6, iter 300, loss: 0.028222
Epoch 6, iter 400, loss: 0.143349
Epoch 6, iter 500, loss: 0.052523
Randomly shuffle MNIST data...
Epoch 7, iter 0, loss: 0.020723
Epoch 7, iter 100, loss: 0.017648
Epoch 7, iter 200, loss: 0.008783
Epoch 7, iter 300, loss: 0.034392
Epoch 7, iter 400, loss: 0.009078
Epoch 7, iter 500, loss: 0.031027
Randomly shuffle MNIST data...
Epoch 8, iter 0, loss: 0.025565
Epoch 8, iter 100, loss: 0.008681
Epoch 8, iter 200, loss: 0.030311
Epoch 8, iter 300, loss: 0.013770
Epoch 8, iter 400, loss: 0.017601
Epoch 8, iter 500, loss: 0.057111
Randomly shuffle MNIST data...
Epoch 9, iter 0, loss: 0.018836
Epoch 9, iter 100, loss: 0.010576
Epoch 9, iter 200, loss: 0.055251
Epoch 9, iter 300, loss: 0.018902
Epoch 9, iter 400, loss: 0.019779
Epoch 9, iter 500, loss: 0.061933
Randomly shuffle MNIST data...
Epoch 10, iter 0, loss: 0.002802
Epoch 10, iter 100, loss: 0.015820
Epoch 10, iter 200, loss: 0.024128
Epoch 10, iter 300, loss: 0.008210
Epoch 10, iter 400, loss: 0.011600
Epoch 10, iter 500, loss: 0.021762
Randomly shuffle MNIST data...
Epoch 11, iter 0, loss: 0.003812
Epoch 11, iter 100, loss: 0.004799
Epoch 11, iter 200, loss: 0.006603
Epoch 11, iter 300, loss: 0.004924
Epoch 11, iter 400, loss: 0.000670
Epoch 11, iter 500, loss: 0.006248
Randomly shuffle MNIST data...
Epoch 12, iter 0, loss: 0.007043
Epoch 12, iter 100, loss: 0.002068
Epoch 12, iter 200, loss: 0.005589
Epoch 12, iter 300, loss: 0.003640
Epoch 12, iter 400, loss: 0.006356
Epoch 12, iter 500, loss: 0.001092
Randomly shuffle MNIST data...
Epoch 13, iter 0, loss: 0.013331
Epoch 13, iter 100, loss: 0.001572
Epoch 13, iter 200, loss: 0.001814
Epoch 13, iter 300, loss: 0.002337
Epoch 13, iter 400, loss: 0.021879
Epoch 13, iter 500, loss: 0.004349
Randomly shuffle MNIST data...
Epoch 14, iter 0, loss: 0.005972
Epoch 14, iter 100, loss: 0.001554
Epoch 14, iter 200, loss: 0.008134
Epoch 14, iter 300, loss: 0.008611
Epoch 14, iter 400, loss: 0.006030
Epoch 14, iter 500, loss: 0.015408
Randomly shuffle MNIST data...
Epoch 15, iter 0, loss: 0.002173
Epoch 15, iter 100, loss: 0.001964
Epoch 15, iter 200, loss: 0.004044
Epoch 15, iter 300, loss: 0.009085
Epoch 15, iter 400, loss: 0.002982
Epoch 15, iter 500, loss: 0.000882
Randomly shuffle MNIST data...
Epoch 16, iter 0, loss: 0.000381
Epoch 16, iter 100, loss: 0.001763
Epoch 16, iter 200, loss: 0.001104
Epoch 16, iter 300, loss: 0.000573
Epoch 16, iter 400, loss: 0.001483
Epoch 16, iter 500, loss: 0.001234
Randomly shuffle MNIST data...
Epoch 17, iter 0, loss: 0.000215
Epoch 17, iter 100, loss: 0.000836
Epoch 17, iter 200, loss: 0.002208
Epoch 17, iter 300, loss: 0.000214
Epoch 17, iter 400, loss: 0.000841
Epoch 17, iter 500, loss: 0.000170
Randomly shuffle MNIST data...
Epoch 18, iter 0, loss: 0.000343
Epoch 18, iter 100, loss: 0.000925
Epoch 18, iter 200, loss: 0.000456
Epoch 18, iter 300, loss: 0.000529
Epoch 18, iter 400, loss: 0.000762
Epoch 18, iter 500, loss: 0.000413
Randomly shuffle MNIST data...
Epoch 19, iter 0, loss: 0.000301
Epoch 19, iter 100, loss: 0.000930
Epoch 19, iter 200, loss: 0.000901
Epoch 19, iter 300, loss: 0.000071
Epoch 19, iter 400, loss: 0.000583
Epoch 19, iter 500, loss: 0.000188
Saving parameters to file mlp-256-128-64-20epoch.npz
fc weight (784, 256) mean -0.000357, std 0.011930
fc bias (1, 256) mean 0.000019, std 0.000062
fc weight (256, 128) mean 0.001412, std 0.015173
fc bias (1, 128) mean 0.000210, std 0.000269
fc weight (128, 64) mean 0.003499, std 0.022675
fc bias (1, 64) mean 0.000966, std 0.001014
fc weight (64, 10) mean 0.000250, std 0.075016
fc bias (1, 10) mean -0.000000, std 0.015465
{'w1': array([[-0.01153086,  0.01407039,  0.00563674, ..., -0.00377221,
        -0.01090071, -0.00647507],
       [-0.0047606 ,  0.00079689,  0.00412783, ...,  0.00165711,
         0.00236527,  0.00106587],
       [-0.00798824, -0.00969534,  0.00960271, ...,  0.00079575,
        -0.00591824, -0.00195816],
       ...,
       [-0.00862471, -0.00447467, -0.00612477, ..., -0.01055501,
         0.00167919, -0.01063506],
       [ 0.01976491, -0.0029294 , -0.01648824, ..., -0.00327641,
         0.01173967,  0.01957701],
       [ 0.0001635 ,  0.00185325,  0.0022628 , ..., -0.00682005,
        -0.00865161,  0.00333828]], shape=(784, 256)), 'b1': array([[ 8.51603696e-05,  4.42968119e-05,  9.13161593e-07,
         4.49947073e-05,  6.05225195e-05, -1.75804560e-05,
         4.33340593e-05, -1.65926459e-06,  4.23103688e-05,
        -7.66255968e-05, -1.10994017e-05, -2.42765807e-05,
        -2.92029105e-06,  2.28920041e-05,  1.65171117e-05,
         1.04149986e-05,  6.68805235e-05,  3.17715298e-06,
        -2.86116507e-05, -5.93937707e-05, -4.30225384e-06,
         6.52026783e-05,  5.60023642e-05,  1.61649819e-05,
        -3.55573140e-05, -4.58190861e-06,  5.68210534e-05,
        -5.16932200e-05,  4.30048356e-05,  1.79566059e-05,
        -6.84323252e-05, -2.96668691e-05,  4.73785561e-05,
         6.94857059e-05,  1.01516923e-05,  3.28181811e-05,
         1.02155764e-04, -2.28025191e-06,  4.79778478e-05,
         4.35174001e-05, -2.99410671e-05,  1.23584958e-04,
         6.76142700e-05,  7.82328842e-05,  8.72680234e-05,
        -3.54912321e-05,  4.30666637e-05,  3.81894215e-05,
         6.68975960e-06, -4.89531426e-05, -2.02891904e-05,
         5.61368866e-05,  9.13342480e-05,  1.43037534e-05,
        -1.21188423e-05,  3.80307285e-05,  1.48495225e-04,
        -3.59074909e-05,  5.02616480e-05,  1.52081429e-04,
        -6.07963565e-05, -1.26456451e-04,  9.67357837e-05,
        -6.14108400e-05,  1.02065637e-05,  2.25773006e-04,
         1.12340276e-04, -2.63296296e-05, -1.48095938e-06,
        -6.97158093e-05,  7.30845906e-05,  6.37205641e-05,
         2.94733259e-05, -2.84653884e-05, -1.75935495e-04,
         9.40007187e-06,  2.20069535e-05,  2.31261193e-04,
        -3.54973700e-05, -7.43692212e-05, -1.11341104e-05,
        -4.10916041e-07,  2.28397729e-05, -4.50812672e-07,
         2.71011318e-06,  8.08397112e-05,  8.03620226e-06,
         1.68329030e-05,  4.95321240e-06, -7.19988608e-05,
         1.08145004e-05,  1.54377270e-06,  2.84650076e-05,
         2.86965691e-05, -1.29456611e-05, -1.98858957e-04,
        -4.24868843e-06, -5.88549773e-05,  9.59462568e-05,
         1.58675709e-05,  6.93267930e-06,  5.58921458e-05,
        -3.04500004e-05,  1.72628843e-05,  3.76487235e-07,
         1.07988077e-04, -1.81076504e-07, -4.98070281e-05,
        -4.31651710e-05, -2.31451827e-05, -3.09213069e-08,
         1.02297528e-05,  2.27470297e-05, -3.70998943e-05,
         7.68395790e-05,  6.26458823e-05,  1.71165232e-04,
         4.25974479e-05,  1.73461379e-04, -4.81204847e-05,
         5.04433812e-05,  5.11899671e-05,  4.61268081e-05,
         2.40024373e-05, -2.24536187e-05, -1.10638306e-05,
         2.03009633e-06,  2.90725992e-05,  5.86777316e-07,
        -3.48492670e-05,  3.26228570e-06,  1.37688257e-04,
         2.03428260e-05, -9.68627115e-05,  1.32428514e-05,
         6.21200386e-06,  9.60680040e-07,  4.30190058e-05,
        -9.67739286e-05,  5.72402800e-06,  1.55608408e-04,
         1.05157044e-04,  2.97996871e-05, -7.14306948e-06,
         5.35039856e-06,  2.46879339e-05,  1.23550047e-05,
         4.97996352e-05,  1.82184580e-05, -1.30215688e-05,
         3.30819956e-05,  1.75375290e-05,  1.10056678e-04,
         2.95419050e-05,  9.61240295e-05,  3.24345836e-05,
         3.63403001e-05,  5.19895652e-05,  1.53728724e-04,
        -6.01271240e-05,  2.50229285e-06,  1.60133708e-04,
         4.40261327e-05,  9.27217302e-05, -9.68277607e-05,
         1.31830279e-05, -4.77141570e-05,  4.47010984e-05,
         4.76012919e-05, -7.89841503e-06,  2.10431100e-05,
         3.46457127e-05,  1.64509536e-05,  8.68552132e-06,
         6.61326215e-05,  9.32177025e-06,  4.02613533e-05,
         1.98774009e-05,  5.29118991e-05,  3.85380588e-05,
        -6.41144670e-05,  5.46757048e-05,  1.31983544e-05,
        -2.07902604e-06,  6.91765861e-05,  4.24376482e-05,
         1.45441033e-04, -4.35278221e-05, -7.61405436e-05,
         6.04785409e-05, -7.02856254e-06, -1.59173716e-05,
         2.03942358e-07,  1.25903599e-04,  4.25277695e-06,
         7.07533793e-05, -4.13889815e-05, -9.02042929e-05,
         4.75421114e-05,  6.16204747e-05, -1.49831450e-04,
         3.51886286e-05,  3.02401186e-05, -6.98076892e-06,
         3.85052576e-05, -6.37101648e-05,  1.07425998e-04,
         1.19624590e-04,  3.77017557e-05, -8.77637221e-06,
         1.08095325e-04,  9.10826609e-05,  5.26724051e-05,
         1.34319915e-04,  5.20808299e-05, -1.37203380e-05,
        -5.67072396e-05, -1.21763204e-05,  1.90490718e-05,
        -5.24753220e-05,  2.25731862e-05,  1.79437248e-05,
         3.41178625e-05,  2.12336525e-05,  7.04579204e-05,
         2.81398941e-05,  5.67545243e-05, -1.26458435e-04,
         5.49379836e-05, -2.56011071e-05,  1.13855414e-04,
        -3.61773177e-05,  4.39588264e-05, -4.94932423e-05,
         7.90723667e-05, -6.06544746e-05,  2.36162202e-05,
        -1.22005349e-04, -3.08086594e-05,  1.10203689e-04,
        -4.75095454e-06, -3.92297319e-05, -1.22000369e-04,
         7.69031296e-05, -8.26437970e-06, -2.46785505e-05,
         5.98805776e-06, -1.13640962e-06, -1.29355704e-05,
        -2.42626225e-09,  2.88660104e-05,  1.20434863e-05,
         1.26904084e-04,  7.56389148e-05, -8.70107003e-06,
         1.70443543e-05]]), 'w2': array([[ 0.0070873 ,  0.00639286,  0.01681901, ..., -0.01772412,
         0.00514841,  0.03147624],
       [ 0.0002764 , -0.00696725,  0.00157431, ..., -0.01080592,
        -0.0054564 ,  0.02067549],
       [-0.01643701, -0.00058123,  0.00296194, ...,  0.01418347,
         0.02051943,  0.01447503],
       ...,
       [ 0.00645968, -0.01340351,  0.00615265, ...,  0.00285066,
        -0.01688773, -0.00103152],
       [ 0.01247946, -0.03285847,  0.02476301, ...,  0.00320685,
        -0.00209061,  0.00838848],
       [ 0.00371628, -0.00934657,  0.00354236, ..., -0.00801657,
        -0.02035827,  0.00223721]], shape=(256, 128)), 'b2': array([[ 1.14235893e-04,  6.98728467e-05,  3.02425491e-04,
         1.13395528e-04,  6.90412307e-07,  1.51469671e-04,
         1.72623563e-04,  2.83026042e-05,  6.25807706e-05,
         7.09790832e-04,  5.20453440e-04, -7.64958324e-05,
         6.95650301e-04,  7.22487681e-05,  1.77058280e-04,
         1.29876820e-04,  1.45878050e-04,  1.14144367e-03,
         9.55043523e-04,  4.43363029e-05,  8.90768273e-04,
         2.78925137e-04,  2.22212949e-04,  6.87761802e-06,
         8.29227490e-06,  1.38896362e-04,  1.54270042e-04,
         5.38584038e-04, -2.41059327e-05,  5.33281756e-05,
         1.94379554e-04,  2.15261051e-04,  8.10577658e-04,
         4.04074580e-05,  4.07510769e-04,  4.14559795e-04,
         1.02145077e-04,  4.11210551e-04,  2.59889931e-04,
        -5.07748018e-05, -1.06588196e-04, -3.85079915e-05,
         6.69872967e-06,  1.33357468e-04,  8.69217424e-05,
         1.06577049e-04, -4.68357331e-04, -1.23465298e-04,
        -5.40089711e-05,  9.08276222e-05,  1.05393101e-04,
         3.25687489e-04,  1.68758292e-04,  1.43975319e-04,
         1.06777891e-04,  4.87387221e-04,  2.04104161e-04,
         2.52848134e-04, -4.73499287e-06,  6.42942557e-05,
         2.95676549e-04,  3.58413660e-04,  6.87870523e-04,
         6.81273367e-05,  5.57984482e-05,  4.35574237e-04,
        -6.80732577e-05, -4.74643907e-05, -2.67916134e-05,
         1.19557789e-04,  5.61482935e-04,  2.78994277e-04,
         1.10064255e-03,  5.13713067e-04,  3.49570511e-04,
         3.65032130e-04,  5.71210074e-04,  5.17006245e-04,
         1.73109774e-04,  1.41453999e-04,  6.75183806e-04,
        -5.81152501e-05, -1.12153828e-04, -9.63985678e-05,
        -8.91529617e-06,  4.21439484e-04,  1.51330812e-04,
         2.00043319e-04,  8.33296876e-07,  1.26169863e-04,
         1.39997188e-04,  2.77756492e-04,  1.94408297e-04,
         3.40968039e-04,  1.66333797e-04,  4.34038832e-04,
        -2.64901090e-04,  3.01407972e-04,  2.13045275e-05,
         4.02235248e-04,  3.47245633e-05,  7.69436092e-05,
         3.63771634e-04,  3.37208283e-05, -6.79660002e-05,
         6.27515729e-04,  7.11322248e-04,  9.48717521e-05,
         3.60759791e-06,  4.52712434e-05,  2.01617414e-04,
        -4.68099777e-05, -8.80002803e-06,  4.57729003e-04,
         2.70087548e-04, -5.03142777e-05,  2.78720030e-04,
         2.74130067e-04,  5.46285818e-04,  3.73443601e-05,
         8.69133902e-05, -2.22781452e-04, -9.81242414e-05,
         3.20953644e-04,  1.61187911e-04,  3.32287944e-04,
        -1.08125950e-04,  6.09547500e-04]]), 'w3': array([[ 0.00938979, -0.02486699, -0.00968014, ...,  0.00670454,
         0.01638912, -0.00209436],
       [ 0.00500875, -0.03317077, -0.01662616, ...,  0.00652023,
        -0.01212295, -0.00124949],
       [-0.00792413,  0.00830872, -0.02578656, ...,  0.03700526,
        -0.02697038,  0.00318876],
       ...,
       [-0.01040816, -0.00196216,  0.01655214, ..., -0.01544202,
         0.02302385, -0.02056969],
       [ 0.03196064,  0.04395204,  0.05178681, ..., -0.02907356,
         0.04405674,  0.01406649],
       [ 0.01270964, -0.01792707,  0.06343584, ...,  0.01813318,
         0.01805013,  0.0063775 ]], shape=(128, 64)), 'b3': array([[-3.77752788e-04,  1.55195404e-03,  1.34938280e-04,
         2.33734025e-03,  1.03138891e-03,  1.00475820e-03,
         3.32615035e-03,  1.05920552e-03, -3.94226860e-06,
         9.41535503e-04,  6.39829101e-04,  5.20462479e-04,
         8.28549213e-04,  4.26830146e-04,  1.68152774e-03,
        -2.52910254e-04,  1.31911101e-04,  2.39149361e-03,
        -6.02614476e-05,  1.61902708e-03,  1.76502151e-03,
         2.06886388e-03, -2.84685493e-04,  2.46054118e-04,
         3.65447726e-03, -6.35624674e-05,  7.31264599e-04,
         4.81545888e-04,  7.61979622e-04,  1.07520587e-03,
        -1.24653142e-04,  1.97715868e-04, -2.07208881e-04,
         1.60326421e-03,  1.43050306e-03,  3.82828765e-03,
         1.07273248e-03,  9.66410608e-04,  3.18097415e-04,
         1.15061017e-04,  6.68996984e-04,  2.09644690e-03,
         2.26148263e-03,  1.24116961e-04,  7.15692455e-05,
         1.79527060e-03,  9.82385109e-04,  5.47847933e-04,
         2.60879027e-04,  2.79926314e-03,  2.93619644e-03,
         9.74473191e-04,  6.16408958e-04, -5.73783110e-04,
         6.46482587e-05,  2.03279132e-03,  3.20033146e-05,
         7.05548492e-05,  8.09501389e-04,  2.01764506e-04,
         1.99170129e-03,  1.42357141e-03,  1.00312511e-03,
         3.73872960e-05]]), 'w4': array([[ 8.09807235e-02, -3.59521486e-02,  5.81024903e-02,
         3.49610939e-02, -8.44062490e-03, -3.09527079e-03,
        -4.58489340e-02,  5.10881604e-03, -4.97857947e-02,
        -2.90063826e-02],
       [-1.11905627e-01,  8.13788878e-02,  2.18817521e-01,
        -1.33736344e-02, -6.69745923e-02, -1.00875353e-01,
         9.62878510e-02,  5.93569770e-02,  2.45528394e-02,
        -1.71275429e-01],
       [ 1.11078524e-01, -7.99114927e-02,  9.19896248e-02,
         2.94949592e-02, -1.66852069e-01, -1.29426648e-01,
        -1.36423543e-01,  1.55356994e-01,  5.81140322e-02,
         9.78304229e-02],
       [-2.78335815e-02,  2.12080156e-01,  1.45014287e-02,
        -1.49943117e-01,  5.04744496e-02, -8.26341857e-02,
        -7.45173423e-02,  9.45782153e-02, -4.95801418e-02,
        -3.94632193e-02],
       [-4.33972377e-02,  8.28692053e-02, -1.19871333e-02,
        -9.02898336e-02, -1.34305712e-02, -1.40894846e-02,
         9.73918479e-02, -1.56236223e-03, -2.80906533e-02,
        -6.20890282e-02],
       [-1.75107690e-02,  1.70887084e-03, -9.42670585e-03,
         3.01441832e-04,  3.19390465e-02,  5.01080305e-02,
        -2.57333011e-02, -4.48775176e-02, -9.62724372e-02,
         1.19563128e-01],
       [ 1.50216801e-02, -8.34507217e-02, -1.55176329e-01,
        -1.51843899e-01, -5.14284296e-02,  2.54128988e-01,
         1.75980071e-01,  2.51189813e-02,  3.48017321e-02,
        -4.45983728e-02],
       [-1.80694663e-02, -8.96667844e-03, -4.88116692e-02,
        -4.78524688e-02,  1.01762010e-01, -5.86281699e-02,
         8.62680259e-02, -7.03807205e-02,  6.57255610e-02,
         3.19546682e-02],
       [-2.81981289e-02,  4.33701093e-02, -2.15858262e-02,
         7.39916381e-02, -1.89167732e-02, -2.44838415e-02,
        -2.36066288e-02,  1.52153471e-02, -1.71878294e-02,
        -2.30281506e-02],
       [ 1.19131131e-01, -2.07378348e-02, -1.01615237e-01,
        -8.33151960e-03,  1.12575794e-01, -2.85000355e-02,
         1.16791117e-01,  2.90959861e-02, -8.21891732e-02,
        -1.46117436e-01],
       [ 2.93759678e-02, -6.23638443e-02,  7.38160338e-02,
         3.92639216e-03, -5.64485583e-02,  2.38741370e-02,
         1.31224842e-01, -7.06287283e-02,  4.72705318e-02,
        -8.90415141e-02],
       [-4.85533588e-03,  5.23082984e-03,  9.31182124e-03,
         3.63795084e-03,  1.67748313e-02,  1.28650229e-02,
        -4.87662582e-02, -2.87547894e-02, -7.07915904e-02,
         1.11610206e-01],
       [ 1.08138104e-01, -5.72252615e-02,  1.16183222e-01,
        -7.29920782e-02,  5.90600894e-02, -1.06024619e-01,
         8.87569965e-03,  3.59547677e-03, -8.65582527e-02,
         1.72830173e-03],
       [ 2.98945524e-02, -6.60081875e-02,  7.82619686e-02,
        -2.69284879e-02,  1.10981860e-01, -6.70104220e-02,
         1.29147974e-01, -7.18871211e-02, -5.73656921e-02,
        -5.54184260e-02],
       [-5.49077968e-02, -5.21492812e-02, -1.12102303e-02,
        -4.47420721e-02,  1.67221520e-01, -3.24790582e-02,
         1.36267005e-02, -9.78547220e-02, -5.86069253e-02,
         1.41878782e-01],
       [ 1.13035056e-02, -1.16597193e-03,  1.44216212e-02,
         1.48691289e-02, -1.81220788e-02, -1.57825248e-02,
        -9.98171223e-05, -4.16314803e-03,  1.29847661e-02,
         1.06392561e-02],
       [-2.90410432e-02,  1.26174028e-01, -9.66057203e-02,
         9.49626156e-02,  6.88715690e-03, -7.13616305e-02,
        -2.52756381e-02,  1.12204432e-01, -5.24505737e-02,
        -5.24291464e-02],
       [-1.67164443e-01,  6.59053357e-02, -1.74244031e-01,
         2.91820570e-01, -3.51129161e-02,  1.63340439e-01,
        -8.61712271e-02, -1.36502641e-01,  4.53922358e-02,
         7.40336971e-02],
       [ 1.27603157e-02, -7.65958084e-03,  1.09218763e-02,
        -1.23932221e-02,  2.67692853e-03, -7.85997860e-04,
         4.70213583e-03, -3.76709032e-03, -1.91604326e-02,
         2.04410667e-02],
       [-4.22219618e-02,  1.23857450e-01, -2.45068553e-02,
        -7.72988032e-02,  1.48353579e-01, -5.36671404e-02,
        -4.27329773e-02, -4.68574352e-02,  5.33948205e-03,
        -1.53345267e-02],
       [-4.06402585e-02,  6.02701387e-02, -9.53336710e-02,
        -5.72241769e-02, -3.93261222e-02,  8.11382823e-02,
         1.30032398e-01,  4.88780227e-03, -5.52805112e-02,
         1.34501157e-02],
       [ 8.98333499e-02, -5.09164640e-02, -4.02997080e-02,
        -1.14424318e-01,  6.37568486e-02,  1.07155045e-01,
        -6.79437845e-02,  1.01392828e-01, -1.59436690e-01,
         9.64320681e-02],
       [-1.64990285e-02, -5.38773724e-02,  1.20298779e-01,
         6.33068136e-02, -1.60948348e-02, -4.43671438e-02,
        -6.58506529e-02,  2.76984018e-02,  4.15131379e-02,
        -5.20707615e-02],
       [ 1.16571461e-01, -2.42930593e-02,  3.91086396e-02,
        -3.10751942e-02,  1.04416958e-01, -5.63720629e-02,
         2.92407478e-02, -3.43365035e-02, -1.46896621e-02,
        -5.54325410e-02],
       [-1.61912334e-01,  4.51199210e-02, -2.04251410e-01,
         1.24694714e-01,  1.06166947e-01,  9.70632292e-02,
        -8.13094221e-02,  4.83375579e-02,  7.46295893e-03,
        -2.55782078e-02],
       [ 6.66239148e-02, -1.49018078e-02,  4.89637357e-02,
        -2.09028897e-02, -2.85416830e-02,  5.89900807e-03,
         7.90454271e-02,  3.04556625e-02, -1.15220908e-01,
        -5.18012764e-02],
       [-9.39803072e-02,  2.70276957e-02,  1.13638201e-01,
         1.44409825e-01, -6.93109354e-02, -5.24230936e-02,
        -9.79906418e-02, -3.45349207e-02,  1.02710535e-01,
        -3.55755701e-02],
       [-1.16393238e-03, -9.21379428e-02,  3.39947951e-02,
         1.50713962e-01,  8.10368236e-02,  5.09920542e-02,
        -1.17028379e-01, -3.89329655e-02, -7.03879727e-02,
         1.07240937e-02],
       [ 5.44517137e-02, -6.41624876e-02, -4.83690435e-02,
         2.07614423e-02, -6.94242624e-02,  1.58975584e-03,
         5.56204739e-02, -9.44574510e-02,  7.01722514e-02,
         7.09440296e-02],
       [-3.68890140e-02,  1.52358860e-02, -4.21741756e-02,
         1.72596884e-02,  5.30494863e-02,  5.92769262e-02,
        -1.95675097e-02,  2.73258010e-02,  2.26859689e-02,
        -4.45114637e-02],
       [ 1.24583378e-03, -1.08632060e-02, -1.70519755e-02,
         1.14119632e-02,  1.64521271e-03,  1.63342233e-02,
        -1.08656666e-03, -2.44063095e-03,  7.99022707e-03,
        -4.07931259e-03],
       [ 5.30414996e-02,  1.79374293e-02, -1.46289796e-02,
        -6.13492030e-02, -2.43693311e-03,  7.35040857e-03,
         1.32928661e-02, -6.91875688e-03, -1.99244720e-02,
         1.96891593e-03],
       [ 9.64332318e-02, -7.31720941e-03,  1.70045976e-02,
         4.53977218e-02, -2.49182932e-03, -7.64862338e-02,
        -1.92412074e-02,  1.43459978e-03, -6.67589748e-02,
         6.27919949e-03],
       [ 1.12566192e-01, -1.46553560e-01, -2.59705542e-02,
         1.56897373e-02, -1.34034239e-01,  1.52934085e-02,
        -9.37845775e-02, -2.49095194e-02,  1.76760730e-01,
         1.22216051e-01],
       [-2.96779338e-02,  4.32943168e-03, -9.37992798e-03,
        -4.00269785e-02,  1.35256498e-01,  2.24401862e-02,
         2.36114627e-02, -8.43421276e-02, -5.26630094e-02,
         4.78057964e-02],
       [-1.66237834e-01,  2.32289317e-01,  1.01534101e-02,
        -2.49687998e-03, -3.30136922e-02,  1.24423960e-02,
         2.60105529e-02, -3.49539157e-02,  4.13574235e-02,
        -9.63022771e-02],
       [-3.37805171e-02, -5.98638639e-02,  1.21575984e-02,
        -1.75045774e-02,  1.73032393e-01,  1.37992549e-02,
         8.64914815e-02, -3.37378414e-02, -4.14312430e-02,
        -9.24196836e-02],
       [-4.17191018e-02, -5.93050019e-02,  2.49268241e-02,
         5.59019568e-02,  1.42766002e-01, -4.05236136e-02,
        -1.54725480e-01,  3.03965862e-02, -8.23277969e-02,
         1.65095676e-01],
       [-3.97729623e-02,  3.75388396e-02,  1.26255047e-01,
         4.44496406e-02, -7.10846380e-02, -9.42193300e-02,
        -8.85937817e-02,  7.90041660e-02, -1.11210776e-03,
        -1.38438139e-03],
       [ 8.45566295e-02, -9.58614185e-02,  6.48163216e-02,
         6.87301831e-02, -7.97542310e-02,  6.06585359e-02,
        -3.63458795e-02, -8.24839263e-02,  3.62385670e-02,
        -2.65817358e-02],
       [ 1.01561072e-01, -1.61378087e-02, -8.35978043e-02,
        -5.71726030e-02, -8.87994486e-02,  1.54266746e-02,
         1.01194759e-01,  3.83210441e-03,  1.20084527e-02,
         7.56513348e-03],
       [-9.92659102e-02,  5.02770732e-02, -5.99633488e-02,
        -7.19059497e-02,  9.66638822e-02, -6.93642481e-02,
        -1.08172687e-01,  1.50467619e-01, -1.98780477e-02,
         1.22410466e-01],
       [ 2.05696525e-02, -1.60848588e-02, -3.91154976e-02,
         1.58724945e-02, -1.00434564e-01,  1.56154436e-01,
        -5.87209228e-03, -9.46580597e-02,  1.11485533e-01,
        -5.54734735e-02],
       [ 1.57626154e-02, -3.43654503e-03,  1.10003789e-02,
         4.61750882e-03, -7.39663425e-03, -3.82409971e-03,
        -1.66375338e-02, -3.96942855e-02, -5.90327720e-03,
         1.25344425e-02],
       [ 4.15250173e-03, -1.20751110e-02, -6.87332732e-03,
        -1.48712831e-03,  2.15515285e-03, -1.44013742e-02,
         6.12188253e-03,  2.54129959e-02, -5.58642451e-03,
        -5.64638430e-03],
       [ 1.18579392e-01, -5.94936604e-02, -2.50732852e-02,
        -1.21934222e-01, -8.07124174e-02,  7.01135032e-03,
         3.14244545e-02, -9.83568140e-02,  1.17882772e-01,
         1.24135077e-01],
       [-4.37704124e-02,  1.51589619e-01,  1.17893860e-02,
        -9.93822107e-02, -1.09879831e-02,  1.55404867e-02,
        -2.87351503e-02,  1.83679955e-01, -7.51910950e-02,
        -1.20324006e-01],
       [ 7.55610688e-02, -2.32129965e-03, -6.81707673e-02,
        -2.60414169e-02, -2.87450099e-03,  4.09699558e-02,
         2.59419975e-02,  3.71423313e-02, -7.30408517e-02,
         1.58916837e-02],
       [ 8.13513696e-03,  1.44161173e-02,  1.49280033e-02,
        -1.75675896e-02,  4.53606026e-03,  1.35410871e-02,
        -8.65901749e-03, -2.39849579e-02, -1.97899190e-02,
         1.45139221e-02],
       [-6.70238987e-02, -2.45068651e-02, -9.42835202e-02,
        -1.16061096e-02,  1.21651738e-01, -1.07003298e-01,
        -1.31058856e-01, -2.81260620e-02,  1.03696813e-01,
         2.32227284e-01],
       [-1.01031266e-01,  4.70634065e-02, -8.08509976e-02,
        -7.62015017e-02,  6.25977967e-02, -3.89921775e-03,
         8.04974263e-03, -6.90143518e-02,  1.16033120e-01,
         1.05874565e-01],
       [-2.24650883e-02,  2.00297484e-02, -3.46425643e-04,
        -8.95701442e-02,  1.92438130e-02, -7.10396738e-02,
         3.53574592e-02, -5.08627831e-02,  8.01596245e-02,
        -3.14085449e-02],
       [-4.60474047e-02, -6.38120394e-02, -3.42396150e-02,
         1.67320090e-01, -1.35308037e-01,  1.06549023e-01,
        -6.22606096e-02, -5.43031614e-02, -3.76080843e-03,
         9.28095259e-02],
       [ 7.48353010e-02, -7.58182562e-02,  1.61261398e-01,
         5.26373375e-02, -1.67276596e-02, -1.46661915e-01,
        -4.70194876e-02,  4.01800456e-02, -4.46812339e-02,
         2.64729671e-02],
       [ 8.84399707e-03,  8.99713139e-03,  9.21762585e-04,
         1.29863319e-02, -2.52040631e-03, -1.94858742e-02,
        -4.24035845e-03, -1.47776547e-02,  3.24530831e-03,
        -1.14062937e-02],
       [-8.83313046e-03,  2.77026149e-02,  6.86424906e-02,
        -4.60834885e-02, -7.40578281e-02, -5.99300039e-02,
         1.44705601e-01, -6.89968570e-02,  2.26532222e-01,
        -1.56035777e-01],
       [ 1.71143178e-03,  3.16951160e-03, -9.62942989e-03,
        -8.99408083e-03,  1.79467996e-02,  5.21164806e-04,
        -1.64997300e-02,  1.35777327e-03, -1.53998674e-03,
        -7.20701192e-03],
       [ 1.26368141e-01, -2.86762600e-02,  1.06383130e-01,
         4.82540750e-02, -7.26712088e-02,  1.59015673e-01,
         4.30347022e-02, -4.57217306e-02, -2.18357986e-01,
        -5.31085001e-02],
       [-1.05554358e-01, -3.47219610e-02, -2.97324281e-02,
        -1.94880920e-03, -5.39023520e-02,  3.08411810e-02,
        -8.82663907e-02,  3.34075355e-01, -5.99551370e-02,
         8.98647230e-02],
       [ 6.51114170e-03,  2.08107522e-02, -1.10563745e-03,
         8.53457643e-04,  2.10592504e-02, -2.16025763e-02,
        -3.10711829e-02, -2.34395185e-02,  2.20983538e-02,
         8.82712508e-03],
       [-3.66138317e-02, -5.02936138e-02, -7.69340558e-02,
         2.46460673e-02, -3.94307817e-02,  7.07836428e-02,
        -2.45054008e-03, -4.45988271e-02,  8.91721884e-02,
         6.97470953e-02],
       [ 4.05340111e-02, -1.26670292e-02, -5.50945066e-02,
        -4.56177392e-02, -8.01324736e-02,  7.56483317e-02,
         3.99865411e-02, -1.98579880e-02,  7.08154919e-02,
        -8.48994754e-03],
       [ 1.03158152e-03, -1.20825097e-01,  4.40332354e-02,
         2.55081218e-02,  4.45884295e-02,  1.45577095e-02,
        -1.16297286e-01,  5.24259855e-02,  1.21091869e-01,
        -5.63165237e-02],
       [-2.97145509e-02,  4.36420441e-02,  6.33058515e-02,
        -1.02738385e-02, -2.52240647e-02,  2.07219543e-02,
        -2.29772296e-02,  8.92244734e-02, -5.12434320e-02,
        -9.92836339e-02]]), 'b4': array([[-0.02755366,  0.03163764, -0.007327  , -0.01384427,  0.00735598,
         0.01503769, -0.0040885 ,  0.00685604, -0.00623985, -0.00183407]])}
Loading parameters from file mlp-256-128-64-20epoch.npz
fc weight (784, 256) mean -0.000357, std 0.011930
fc bias (1, 256) mean 0.000019, std 0.000062
fc weight (256, 128) mean 0.001412, std 0.015173
fc bias (1, 128) mean 0.000210, std 0.000269
fc weight (128, 64) mean 0.003499, std 0.022675
fc bias (1, 64) mean 0.000966, std 0.001014
fc weight (64, 10) mean 0.000250, std 0.075016
fc bias (1, 10) mean -0.000000, std 0.015465
Accuracy in test set: 0.981800
